<html>
<head>
<title>primer build log</title>
<meta http-equiv="Content-Type" content="text/html; charset=utf-8" /></head>
<body>
<tt>
Build started on: <u>19-01-2023 at 21:38.28</u><br />
Build ended on: <u>19-01-2023 at 21:38.31</u><p />
<b>-------------- Build: Debug in primer (compiler: NOT FOR PROJECTS! = MinGW GCC + Strict + Fast + Save (Requires Git))---------------</b><br />
g++git-auto.bat "D:\проекты и другое\primer\main.cpp" -o bin\Debug\primer.exe -mwindows  -Wall -fexceptions  -g  -Wshadow -Winit-self -Wredundant-decls -Wcast-align -Wundef -Wfloat-equal -Winline -Wunreachable-code -Wmissing-declarations -Wmissing-include-dirs -Wswitch-enum -Wswitch-default -Weffc++ -Wmain -Wextra -Wall -g -pipe -fexceptions -Wcast-qual -Wconversion -Wctor-dtor-privacy -Wempty-body -Wformat-security -Wformat=2 -Wignored-qualifiers -Wlogical-op -Wmissing-field-initializers -Wnon-virtual-dtor -Woverloaded-virtual -Wpointer-arith -Wsign-promo -Wstack-usage=8192 -Wstrict-aliasing -Wstrict-null-sentinel -Wtype-limits -Wwrite-strings -D_DEBUG -D_EJUDGE_CLIENT_SIDE -D_EJC<br />
------------------------------------------------------------------------------------------------------<br />
Compilation ERRORS:<br />
<br />
In file included from D:\проекты и другое\primer\main.cpp:1:0:<br />
D:\проекты и другое\primer\main.cpp: In function 'int main()':<br />
<font color="#ff0000">D:\проекты и другое\primer\main.cpp:17:1: error: expression cannot be used as a function</font><br />
 txBitBlt (txDC(), xFon, yFon,3600,2400,Fon);<br />
 ^<br />
<font color="#ff0000">D:\проекты и другое\primer\main.cpp:56:26: error: 'vxSpaceman2' was not declared in this scope</font><br />
 xSpaceman2 = xSpaceman2 +vxSpaceman2;<br />
                          ^<br />
<font color="#0000ff">D:\проекты и другое\primer\main.cpp:64:10: warning: statement has no effect [-Wunused-value]</font><br />
     txEnd;<br />
          ^<br />
In file included from D:\проекты и другое\primer\main.cpp:1:0:<br />
<font color="#ff0000">D:\проекты и другое\primer\main.cpp:73:35: error: 'xspaceman' was not declared in this scope</font><br />
         txTransparentBlt (txDC(), xspaceman,yspaceman, 200,196, spaceman 0,0, TX_BLACK)<br />
                                   ^<br />
<font color="#ff0000">D:\проекты и другое\primer\main.cpp:73:45: error: 'yspaceman' was not declared in this scope</font><br />
         txTransparentBlt (txDC(), xspaceman,yspaceman, 200,196, spaceman 0,0, TX_BLACK)<br />
                                             ^<br />
<font color="#ff0000">D:\проекты и другое\primer\main.cpp:73:65: error: 'spaceman' was not declared in this scope</font><br />
         txTransparentBlt (txDC(), xspaceman,yspaceman, 200,196, spaceman 0,0, TX_BLACK)<br />
                                                                 ^<br />
<font color="#ff0000">D:\проекты и другое\primer\main.cpp:74:5: error: expected ';' before '}' token</font><br />
     }<br />
     ^<br />
<font color="#ff0000">D:\проекты и другое\primer\main.cpp:79:5: error: expected '}' at end of input</font><br />
     }<br />
     ^<br />
<font color="#ff0000">D:\проекты и другое\primer\main.cpp:79:5: error: expected '}' at end of input</font><br />
------------------------------------------------------------------------------------------------------<br />
Autosaving to the Git repository in D:/  /primer/.git-auto/... <br />
<font color="#a00000">Process terminated with status 1 (0 minutes, 2 seconds)</font><br />
<font color="#a00000">8 errors, 1 warnings (0 minutes, 2 seconds)</font><br />
</tt>
</body>
</html>
